0 verbose cli /usr/local/bin/node /usr/local/lib/node_modules/npm/bin/npm-cli.js
1 info using npm@10.8.1
2 info using node@v20.16.0
3 silly config load:file:/usr/local/lib/node_modules/npm/npmrc
4 silly config load:file:/Users/sorin/Sorin-Work/spanish_learning_website/.npmrc
5 silly config load:file:/Users/sorin/.npmrc
6 silly config load:file:/usr/local/etc/npmrc
7 verbose title npm exec vercel@latest deploy --prod --yes
8 verbose argv "exec" "--yes" "--" "vercel@latest" "deploy" "--prod" "--yes"
9 verbose logfile logs-max:10 dir:/Users/sorin/Sorin-Work/spanish_learning_website/.npm-cache/_logs/2026-07-21T05_07_31_257Z-
10 verbose logfile /Users/sorin/Sorin-Work/spanish_learning_website/.npm-cache/_logs/2026-07-21T05_07_31_257Z-debug-0.log
11 silly logfile done cleaning log files
12 silly packumentCache heap:4345298944 maxSize:1086324736 maxEntrySize:543162368
13 http fetch GET 200 https://registry.npmjs.org/vercel 126ms (cache revalidated)
14 silly packumentCache heap:4345298944 maxSize:1086324736 maxEntrySize:543162368
15 silly packumentCache heap:4345298944 maxSize:1086324736 maxEntrySize:543162368
16 verbose cwd /Users/sorin/Sorin-Work/spanish_learning_website
17 verbose os Darwin 25.5.0
18 verbose node v20.16.0
19 verbose npm  v10.8.1
20 verbose exit 0
21 info ok
